2014-12-16 00:21:53 DEBUG Program:45 - Starting application
2014-12-16 00:21:53 DEBUG Program:148 - About to load application context
2014-12-16 00:21:53 DEBUG StandardEnvironment:111 - Adding [systemProperties] PropertySource with lowest search precedence
2014-12-16 00:21:53 DEBUG StandardEnvironment:111 - Adding [systemEnvironment] PropertySource with lowest search precedence
2014-12-16 00:21:53 DEBUG StandardEnvironment:126 - Initialized StandardEnvironment with PropertySources [systemProperties,systemEnvironment]
2014-12-16 00:21:53 INFO  ClassPathXmlApplicationContext:510 - Refreshing org.springframework.context.support.ClassPathXmlApplicationContext@b732a4b: startup date [Tue Dec 16 00:21:53 CET 2014]; root of context hierarchy
2014-12-16 00:21:53 DEBUG StandardEnvironment:111 - Adding [systemProperties] PropertySource with lowest search precedence
2014-12-16 00:21:53 DEBUG StandardEnvironment:111 - Adding [systemEnvironment] PropertySource with lowest search precedence
2014-12-16 00:21:53 DEBUG StandardEnvironment:126 - Initialized StandardEnvironment with PropertySources [systemProperties,systemEnvironment]
2014-12-16 00:21:54 INFO  XmlBeanDefinitionReader:317 - Loading XML bean definitions from class path resource [surrealtravel.xml]
2014-12-16 00:21:54 DEBUG DefaultDocumentLoader:73 - Using JAXP provider [com.sun.org.apache.xerces.internal.jaxp.DocumentBuilderFactoryImpl]
2014-12-16 00:21:54 DEBUG PluggableSchemaResolver:141 - Loading schema mappings from [META-INF/spring.schemas]
2014-12-16 00:21:54 DEBUG PluggableSchemaResolver:147 - Loaded schema mappings: {http://www.springframework.org/schema/jee/spring-jee-3.2.xsd=org/springframework/ejb/config/spring-jee-3.2.xsd, http://www.springframework.org/schema/util/spring-util.xsd=org/springframework/beans/factory/xml/spring-util-4.1.xsd, http://www.springframework.org/schema/beans/spring-beans-4.1.xsd=org/springframework/beans/factory/xml/spring-beans-4.1.xsd, http://www.springframework.org/schema/task/spring-task.xsd=org/springframework/scheduling/config/spring-task-4.1.xsd, http://www.springframework.org/schema/beans/spring-beans-3.1.xsd=org/springframework/beans/factory/xml/spring-beans-3.1.xsd, http://www.springframework.org/schema/cache/spring-cache.xsd=org/springframework/cache/config/spring-cache-4.1.xsd, http://www.springframework.org/schema/aop/spring-aop-3.0.xsd=org/springframework/aop/config/spring-aop-3.0.xsd, http://www.springframework.org/schema/task/spring-task-3.1.xsd=org/springframework/scheduling/config/spring-task-3.1.xsd, http://www.springframework.org/schema/aop/spring-aop-2.0.xsd=org/springframework/aop/config/spring-aop-2.0.xsd, http://www.springframework.org/schema/aop/spring-aop-4.0.xsd=org/springframework/aop/config/spring-aop-4.0.xsd, http://www.springframework.org/schema/task/spring-task-4.1.xsd=org/springframework/scheduling/config/spring-task-4.1.xsd, http://www.springframework.org/schema/tool/spring-tool-2.5.xsd=org/springframework/beans/factory/xml/spring-tool-2.5.xsd, http://www.springframework.org/schema/beans/spring-beans.xsd=org/springframework/beans/factory/xml/spring-beans-4.1.xsd, http://www.springframework.org/schema/jee/spring-jee-2.5.xsd=org/springframework/ejb/config/spring-jee-2.5.xsd, http://www.springframework.org/schema/tool/spring-tool-3.1.xsd=org/springframework/beans/factory/xml/spring-tool-3.1.xsd, http://www.springframework.org/schema/tool/spring-tool-4.1.xsd=org/springframework/beans/factory/xml/spring-tool-4.1.xsd, http://www.springframework.org/schema/jee/spring-jee-3.1.xsd=org/springframework/ejb/config/spring-jee-3.1.xsd, http://www.springframework.org/schema/aop/spring-aop.xsd=org/springframework/aop/config/spring-aop-4.1.xsd, http://www.springframework.org/schema/context/spring-context-3.2.xsd=org/springframework/context/config/spring-context-3.2.xsd, http://www.springframework.org/schema/jee/spring-jee-4.1.xsd=org/springframework/ejb/config/spring-jee-4.1.xsd, http://www.springframework.org/schema/beans/spring-beans-2.0.xsd=org/springframework/beans/factory/xml/spring-beans-2.0.xsd, http://www.springframework.org/schema/util/spring-util-3.2.xsd=org/springframework/beans/factory/xml/spring-util-3.2.xsd, http://www.springframework.org/schema/lang/spring-lang-3.2.xsd=org/springframework/scripting/config/spring-lang-3.2.xsd, http://www.springframework.org/schema/beans/spring-beans-4.0.xsd=org/springframework/beans/factory/xml/spring-beans-4.0.xsd, http://www.springframework.org/schema/beans/spring-beans-3.0.xsd=org/springframework/beans/factory/xml/spring-beans-3.0.xsd, http://www.springframework.org/schema/cache/spring-cache-3.2.xsd=org/springframework/cache/config/spring-cache-3.2.xsd, http://www.springframework.org/schema/task/spring-task-3.0.xsd=org/springframework/scheduling/config/spring-task-3.0.xsd, http://www.springframework.org/schema/task/spring-task-4.0.xsd=org/springframework/scheduling/config/spring-task-4.0.xsd, http://www.springframework.org/schema/context/spring-context-2.5.xsd=org/springframework/context/config/spring-context-2.5.xsd, http://www.springframework.org/schema/tool/spring-tool-3.0.xsd=org/springframework/beans/factory/xml/spring-tool-3.0.xsd, http://www.springframework.org/schema/lang/spring-lang.xsd=org/springframework/scripting/config/spring-lang-4.1.xsd, http://www.springframework.org/schema/tool/spring-tool-2.0.xsd=org/springframework/beans/factory/xml/spring-tool-2.0.xsd, http://www.springframework.org/schema/util/spring-util-2.5.xsd=org/springframework/beans/factory/xml/spring-util-2.5.xsd, http://www.springframework.org/schema/lang/spring-lang-2.5.xsd=org/springframework/scripting/config/spring-lang-2.5.xsd, http://www.springframework.org/schema/tool/spring-tool-4.0.xsd=org/springframework/beans/factory/xml/spring-tool-4.0.xsd, http://www.springframework.org/schema/aop/spring-aop-3.2.xsd=org/springframework/aop/config/spring-aop-3.2.xsd, http://www.springframework.org/schema/jee/spring-jee-3.0.xsd=org/springframework/ejb/config/spring-jee-3.0.xsd, http://www.springframework.org/schema/context/spring-context-4.1.xsd=org/springframework/context/config/spring-context-4.1.xsd, http://www.springframework.org/schema/jee/spring-jee-2.0.xsd=org/springframework/ejb/config/spring-jee-2.0.xsd, http://www.springframework.org/schema/context/spring-context-3.1.xsd=org/springframework/context/config/spring-context-3.1.xsd, http://www.springframework.org/schema/jee/spring-jee-4.0.xsd=org/springframework/ejb/config/spring-jee-4.0.xsd, http://www.springframework.org/schema/util/spring-util-3.1.xsd=org/springframework/beans/factory/xml/spring-util-3.1.xsd, http://www.springframework.org/schema/lang/spring-lang-3.1.xsd=org/springframework/scripting/config/spring-lang-3.1.xsd, http://www.springframework.org/schema/cache/spring-cache-4.1.xsd=org/springframework/cache/config/spring-cache-4.1.xsd, http://www.springframework.org/schema/util/spring-util-4.1.xsd=org/springframework/beans/factory/xml/spring-util-4.1.xsd, http://www.springframework.org/schema/cache/spring-cache-3.1.xsd=org/springframework/cache/config/spring-cache-3.1.xsd, http://www.springframework.org/schema/lang/spring-lang-4.1.xsd=org/springframework/scripting/config/spring-lang-4.1.xsd, http://www.springframework.org/schema/context/spring-context.xsd=org/springframework/context/config/spring-context-4.1.xsd, http://www.springframework.org/schema/jee/spring-jee.xsd=org/springframework/ejb/config/spring-jee-4.1.xsd, http://www.springframework.org/schema/aop/spring-aop-2.5.xsd=org/springframework/aop/config/spring-aop-2.5.xsd, http://www.springframework.org/schema/beans/spring-beans-3.2.xsd=org/springframework/beans/factory/xml/spring-beans-3.2.xsd, http://www.springframework.org/schema/aop/spring-aop-3.1.xsd=org/springframework/aop/config/spring-aop-3.1.xsd, http://www.springframework.org/schema/task/spring-task-3.2.xsd=org/springframework/scheduling/config/spring-task-3.2.xsd, http://www.springframework.org/schema/context/spring-context-4.0.xsd=org/springframework/context/config/spring-context-4.0.xsd, http://www.springframework.org/schema/aop/spring-aop-4.1.xsd=org/springframework/aop/config/spring-aop-4.1.xsd, http://www.springframework.org/schema/context/spring-context-3.0.xsd=org/springframework/context/config/spring-context-3.0.xsd, http://www.springframework.org/schema/tool/spring-tool.xsd=org/springframework/beans/factory/xml/spring-tool-4.1.xsd, http://www.springframework.org/schema/util/spring-util-3.0.xsd=org/springframework/beans/factory/xml/spring-util-3.0.xsd, http://www.springframework.org/schema/lang/spring-lang-3.0.xsd=org/springframework/scripting/config/spring-lang-3.0.xsd, http://www.springframework.org/schema/util/spring-util-2.0.xsd=org/springframework/beans/factory/xml/spring-util-2.0.xsd, http://www.springframework.org/schema/cache/spring-cache-4.0.xsd=org/springframework/cache/config/spring-cache-4.0.xsd, http://www.springframework.org/schema/lang/spring-lang-2.0.xsd=org/springframework/scripting/config/spring-lang-2.0.xsd, http://www.springframework.org/schema/util/spring-util-4.0.xsd=org/springframework/beans/factory/xml/spring-util-4.0.xsd, http://www.springframework.org/schema/lang/spring-lang-4.0.xsd=org/springframework/scripting/config/spring-lang-4.0.xsd, http://www.springframework.org/schema/tool/spring-tool-3.2.xsd=org/springframework/beans/factory/xml/spring-tool-3.2.xsd, http://www.springframework.org/schema/beans/spring-beans-2.5.xsd=org/springframework/beans/factory/xml/spring-beans-2.5.xsd}
2014-12-16 00:21:54 DEBUG PluggableSchemaResolver:119 - Found XML schema [http://www.springframework.org/schema/beans/spring-beans.xsd] in classpath: org/springframework/beans/factory/xml/spring-beans-4.1.xsd
2014-12-16 00:21:54 DEBUG PluggableSchemaResolver:119 - Found XML schema [http://www.springframework.org/schema/context/spring-context.xsd] in classpath: org/springframework/context/config/spring-context-4.1.xsd
2014-12-16 00:21:54 DEBUG PluggableSchemaResolver:119 - Found XML schema [http://www.springframework.org/schema/tool/spring-tool-4.1.xsd] in classpath: org/springframework/beans/factory/xml/spring-tool-4.1.xsd
2014-12-16 00:21:54 DEBUG DefaultBeanDefinitionDocumentReader:98 - Loading bean definitions
2014-12-16 00:21:54 DEBUG DefaultNamespaceHandlerResolver:157 - Loaded NamespaceHandler mappings: {http://www.springframework.org/schema/p=org.springframework.beans.factory.xml.SimplePropertyNamespaceHandler, http://www.springframework.org/schema/util=org.springframework.beans.factory.xml.UtilNamespaceHandler, http://www.springframework.org/schema/jee=org.springframework.ejb.config.JeeNamespaceHandler, http://www.springframework.org/schema/aop=org.springframework.aop.config.AopNamespaceHandler, http://www.springframework.org/schema/cache=org.springframework.cache.config.CacheNamespaceHandler, http://www.springframework.org/schema/c=org.springframework.beans.factory.xml.SimpleConstructorNamespaceHandler, http://www.springframework.org/schema/task=org.springframework.scheduling.config.TaskNamespaceHandler, http://www.springframework.org/schema/lang=org.springframework.scripting.config.LangNamespaceHandler, http://www.springframework.org/schema/context=org.springframework.context.config.ContextNamespaceHandler}
2014-12-16 00:21:54 DEBUG StandardEnvironment:111 - Adding [systemProperties] PropertySource with lowest search precedence
2014-12-16 00:21:54 DEBUG StandardEnvironment:111 - Adding [systemEnvironment] PropertySource with lowest search precedence
2014-12-16 00:21:54 DEBUG StandardEnvironment:126 - Initialized StandardEnvironment with PropertySources [systemProperties,systemEnvironment]
2014-12-16 00:21:54 DEBUG ClassPathBeanDefinitionScanner:252 - JSR-330 'javax.inject.Named' annotation found and supported for component scanning
2014-12-16 00:21:54 DEBUG PathMatchingResourcePatternResolver:622 - Looking for matching resources in directory tree [/home/cweorth/Programming/Java/Surreal-Travel/SurrealTravelCLI/target/classes/cz/muni/pa165/surrealtravel/cli]
2014-12-16 00:21:54 DEBUG PathMatchingResourcePatternResolver:684 - Searching directory [/home/cweorth/Programming/Java/Surreal-Travel/SurrealTravelCLI/target/classes/cz/muni/pa165/surrealtravel/cli] for files matching pattern [/home/cweorth/Programming/Java/Surreal-Travel/SurrealTravelCLI/target/classes/cz/muni/pa165/surrealtravel/cli/**/*.class]
2014-12-16 00:21:54 DEBUG PathMatchingResourcePatternResolver:684 - Searching directory [/home/cweorth/Programming/Java/Surreal-Travel/SurrealTravelCLI/target/classes/cz/muni/pa165/surrealtravel/cli/handlers] for files matching pattern [/home/cweorth/Programming/Java/Surreal-Travel/SurrealTravelCLI/target/classes/cz/muni/pa165/surrealtravel/cli/**/*.class]
2014-12-16 00:21:54 DEBUG PathMatchingResourcePatternResolver:684 - Searching directory [/home/cweorth/Programming/Java/Surreal-Travel/SurrealTravelCLI/target/classes/cz/muni/pa165/surrealtravel/cli/options] for files matching pattern [/home/cweorth/Programming/Java/Surreal-Travel/SurrealTravelCLI/target/classes/cz/muni/pa165/surrealtravel/cli/**/*.class]
2014-12-16 00:21:54 DEBUG PathMatchingResourcePatternResolver:684 - Searching directory [/home/cweorth/Programming/Java/Surreal-Travel/SurrealTravelCLI/target/classes/cz/muni/pa165/surrealtravel/cli/rest] for files matching pattern [/home/cweorth/Programming/Java/Surreal-Travel/SurrealTravelCLI/target/classes/cz/muni/pa165/surrealtravel/cli/**/*.class]
2014-12-16 00:21:54 DEBUG PathMatchingResourcePatternResolver:423 - Resolved location pattern [classpath*:cz/muni/pa165/surrealtravel/cli/**/*.class] to resources [file [/home/cweorth/Programming/Java/Surreal-Travel/SurrealTravelCLI/target/classes/cz/muni/pa165/surrealtravel/cli/handlers/ExcursionListHandler.class], file [/home/cweorth/Programming/Java/Surreal-Travel/SurrealTravelCLI/target/classes/cz/muni/pa165/surrealtravel/cli/handlers/Command.class], file [/home/cweorth/Programming/Java/Surreal-Travel/SurrealTravelCLI/target/classes/cz/muni/pa165/surrealtravel/cli/handlers/CommandHandler.class], file [/home/cweorth/Programming/Java/Surreal-Travel/SurrealTravelCLI/target/classes/cz/muni/pa165/surrealtravel/cli/options/MainOptions.class], file [/home/cweorth/Programming/Java/Surreal-Travel/SurrealTravelCLI/target/classes/cz/muni/pa165/surrealtravel/cli/options/Command.class], file [/home/cweorth/Programming/Java/Surreal-Travel/SurrealTravelCLI/target/classes/cz/muni/pa165/surrealtravel/cli/AppConfig.class], file [/home/cweorth/Programming/Java/Surreal-Travel/SurrealTravelCLI/target/classes/cz/muni/pa165/surrealtravel/cli/rest/RestTripClient.class], file [/home/cweorth/Programming/Java/Surreal-Travel/SurrealTravelCLI/target/classes/cz/muni/pa165/surrealtravel/cli/rest/RESTAccessException.class], file [/home/cweorth/Programming/Java/Surreal-Travel/SurrealTravelCLI/target/classes/cz/muni/pa165/surrealtravel/cli/rest/RestExcursionClient.class]]
2014-12-16 00:21:54 DEBUG ClassPathBeanDefinitionScanner:286 - Identified candidate component class: file [/home/cweorth/Programming/Java/Surreal-Travel/SurrealTravelCLI/target/classes/cz/muni/pa165/surrealtravel/cli/AppConfig.class]
2014-12-16 00:21:54 DEBUG ClassPathBeanDefinitionScanner:286 - Identified candidate component class: file [/home/cweorth/Programming/Java/Surreal-Travel/SurrealTravelCLI/target/classes/cz/muni/pa165/surrealtravel/cli/rest/RestTripClient.class]
2014-12-16 00:21:54 DEBUG ClassPathBeanDefinitionScanner:286 - Identified candidate component class: file [/home/cweorth/Programming/Java/Surreal-Travel/SurrealTravelCLI/target/classes/cz/muni/pa165/surrealtravel/cli/rest/RestExcursionClient.class]
2014-12-16 00:21:54 DEBUG BeanDefinitionParserDelegate:465 - No XML 'id' specified - using 'converter' as bean name and [] as aliases
2014-12-16 00:21:54 DEBUG BeanDefinitionParserDelegate:465 - No XML 'id' specified - using 'template' as bean name and [] as aliases
2014-12-16 00:21:54 DEBUG XmlBeanDefinitionReader:223 - Loaded 9 bean definitions from location pattern [surrealtravel.xml]
2014-12-16 00:21:54 DEBUG ClassPathXmlApplicationContext:540 - Bean factory for org.springframework.context.support.ClassPathXmlApplicationContext@b732a4b: org.springframework.beans.factory.support.DefaultListableBeanFactory@67227a8b: defining beans [org.springframework.context.annotation.internalConfigurationAnnotationProcessor,org.springframework.context.annotation.internalAutowiredAnnotationProcessor,org.springframework.context.annotation.internalRequiredAnnotationProcessor,org.springframework.context.annotation.internalCommonAnnotationProcessor,appConfig,restTripClient,restExcursionClient,converter,template]; root of factory hierarchy
2014-12-16 00:21:54 DEBUG DefaultListableBeanFactory:220 - Creating shared instance of singleton bean 'org.springframework.context.annotation.internalConfigurationAnnotationProcessor'
2014-12-16 00:21:54 DEBUG DefaultListableBeanFactory:450 - Creating instance of bean 'org.springframework.context.annotation.internalConfigurationAnnotationProcessor'
2014-12-16 00:21:54 DEBUG DefaultListableBeanFactory:524 - Eagerly caching bean 'org.springframework.context.annotation.internalConfigurationAnnotationProcessor' to allow for resolving potential circular references
2014-12-16 00:21:54 DEBUG DefaultListableBeanFactory:478 - Finished creating instance of bean 'org.springframework.context.annotation.internalConfigurationAnnotationProcessor'
2014-12-16 00:21:54 DEBUG ConfigurationClassBeanDefinitionReader:251 - Registering bean definition for @Bean method cz.muni.pa165.surrealtravel.cli.AppConfig.urlBase()
2014-12-16 00:21:54 DEBUG ConfigurationClassEnhancer:102 - Successfully enhanced cz.muni.pa165.surrealtravel.cli.AppConfig; enhanced class name is: cz.muni.pa165.surrealtravel.cli.AppConfig$$EnhancerBySpringCGLIB$$5e445ad4
2014-12-16 00:21:54 DEBUG ConfigurationClassPostProcessor:388 - Replacing bean definition 'appConfig' existing class name 'cz.muni.pa165.surrealtravel.cli.AppConfig' with enhanced class name 'cz.muni.pa165.surrealtravel.cli.AppConfig$$EnhancerBySpringCGLIB$$5e445ad4'
2014-12-16 00:21:54 DEBUG ConfigurationClassEnhancer:102 - Successfully enhanced cz.muni.pa165.surrealtravel.cli.AppConfig; enhanced class name is: cz.muni.pa165.surrealtravel.cli.AppConfig$$EnhancerBySpringCGLIB$$5e445ad4
2014-12-16 00:21:54 DEBUG ConfigurationClassPostProcessor:388 - Replacing bean definition 'urlBase' existing class name 'cz.muni.pa165.surrealtravel.cli.AppConfig' with enhanced class name 'cz.muni.pa165.surrealtravel.cli.AppConfig$$EnhancerBySpringCGLIB$$5e445ad4'
2014-12-16 00:21:54 DEBUG DefaultListableBeanFactory:220 - Creating shared instance of singleton bean 'org.springframework.context.annotation.internalAutowiredAnnotationProcessor'
2014-12-16 00:21:54 DEBUG DefaultListableBeanFactory:450 - Creating instance of bean 'org.springframework.context.annotation.internalAutowiredAnnotationProcessor'
2014-12-16 00:21:54 INFO  AutowiredAnnotationBeanPostProcessor:153 - JSR-330 'javax.inject.Inject' annotation found and supported for autowiring
2014-12-16 00:21:54 DEBUG DefaultListableBeanFactory:524 - Eagerly caching bean 'org.springframework.context.annotation.internalAutowiredAnnotationProcessor' to allow for resolving potential circular references
2014-12-16 00:21:54 DEBUG DefaultListableBeanFactory:478 - Finished creating instance of bean 'org.springframework.context.annotation.internalAutowiredAnnotationProcessor'
2014-12-16 00:21:54 DEBUG DefaultListableBeanFactory:220 - Creating shared instance of singleton bean 'org.springframework.context.annotation.internalRequiredAnnotationProcessor'
2014-12-16 00:21:54 DEBUG DefaultListableBeanFactory:450 - Creating instance of bean 'org.springframework.context.annotation.internalRequiredAnnotationProcessor'
2014-12-16 00:21:54 DEBUG DefaultListableBeanFactory:524 - Eagerly caching bean 'org.springframework.context.annotation.internalRequiredAnnotationProcessor' to allow for resolving potential circular references
2014-12-16 00:21:54 DEBUG DefaultListableBeanFactory:478 - Finished creating instance of bean 'org.springframework.context.annotation.internalRequiredAnnotationProcessor'
2014-12-16 00:21:54 DEBUG DefaultListableBeanFactory:220 - Creating shared instance of singleton bean 'org.springframework.context.annotation.internalCommonAnnotationProcessor'
2014-12-16 00:21:54 DEBUG DefaultListableBeanFactory:450 - Creating instance of bean 'org.springframework.context.annotation.internalCommonAnnotationProcessor'
2014-12-16 00:21:54 DEBUG DefaultListableBeanFactory:524 - Eagerly caching bean 'org.springframework.context.annotation.internalCommonAnnotationProcessor' to allow for resolving potential circular references
2014-12-16 00:21:54 DEBUG DefaultListableBeanFactory:478 - Finished creating instance of bean 'org.springframework.context.annotation.internalCommonAnnotationProcessor'
2014-12-16 00:21:54 DEBUG DefaultListableBeanFactory:220 - Creating shared instance of singleton bean 'org.springframework.context.annotation.ConfigurationClassPostProcessor.importAwareProcessor'
2014-12-16 00:21:54 DEBUG DefaultListableBeanFactory:450 - Creating instance of bean 'org.springframework.context.annotation.ConfigurationClassPostProcessor.importAwareProcessor'
2014-12-16 00:21:54 DEBUG DefaultListableBeanFactory:524 - Eagerly caching bean 'org.springframework.context.annotation.ConfigurationClassPostProcessor.importAwareProcessor' to allow for resolving potential circular references
2014-12-16 00:21:54 DEBUG DefaultListableBeanFactory:478 - Finished creating instance of bean 'org.springframework.context.annotation.ConfigurationClassPostProcessor.importAwareProcessor'
2014-12-16 00:21:54 DEBUG DefaultListableBeanFactory:220 - Creating shared instance of singleton bean 'org.springframework.context.annotation.ConfigurationClassPostProcessor.enhancedConfigurationProcessor'
2014-12-16 00:21:54 DEBUG DefaultListableBeanFactory:450 - Creating instance of bean 'org.springframework.context.annotation.ConfigurationClassPostProcessor.enhancedConfigurationProcessor'
2014-12-16 00:21:54 DEBUG DefaultListableBeanFactory:524 - Eagerly caching bean 'org.springframework.context.annotation.ConfigurationClassPostProcessor.enhancedConfigurationProcessor' to allow for resolving potential circular references
2014-12-16 00:21:54 DEBUG DefaultListableBeanFactory:478 - Finished creating instance of bean 'org.springframework.context.annotation.ConfigurationClassPostProcessor.enhancedConfigurationProcessor'
2014-12-16 00:21:54 DEBUG ClassPathXmlApplicationContext:646 - Unable to locate MessageSource with name 'messageSource': using default [org.springframework.context.support.DelegatingMessageSource@245fc61c]
2014-12-16 00:21:54 DEBUG ClassPathXmlApplicationContext:670 - Unable to locate ApplicationEventMulticaster with name 'applicationEventMulticaster': using default [org.springframework.context.event.SimpleApplicationEventMulticaster@650b1c29]
2014-12-16 00:21:54 DEBUG DefaultListableBeanFactory:691 - Pre-instantiating singletons in org.springframework.beans.factory.support.DefaultListableBeanFactory@67227a8b: defining beans [org.springframework.context.annotation.internalConfigurationAnnotationProcessor,org.springframework.context.annotation.internalAutowiredAnnotationProcessor,org.springframework.context.annotation.internalRequiredAnnotationProcessor,org.springframework.context.annotation.internalCommonAnnotationProcessor,appConfig,restTripClient,restExcursionClient,converter,template,org.springframework.context.annotation.ConfigurationClassPostProcessor.importAwareProcessor,org.springframework.context.annotation.ConfigurationClassPostProcessor.enhancedConfigurationProcessor,urlBase]; root of factory hierarchy
2014-12-16 00:21:54 DEBUG DefaultListableBeanFactory:247 - Returning cached instance of singleton bean 'org.springframework.context.annotation.internalConfigurationAnnotationProcessor'
2014-12-16 00:21:54 DEBUG DefaultListableBeanFactory:247 - Returning cached instance of singleton bean 'org.springframework.context.annotation.internalAutowiredAnnotationProcessor'
2014-12-16 00:21:54 DEBUG DefaultListableBeanFactory:247 - Returning cached instance of singleton bean 'org.springframework.context.annotation.internalRequiredAnnotationProcessor'
2014-12-16 00:21:54 DEBUG DefaultListableBeanFactory:247 - Returning cached instance of singleton bean 'org.springframework.context.annotation.internalCommonAnnotationProcessor'
2014-12-16 00:21:54 DEBUG DefaultListableBeanFactory:220 - Creating shared instance of singleton bean 'appConfig'
2014-12-16 00:21:54 DEBUG DefaultListableBeanFactory:450 - Creating instance of bean 'appConfig'
2014-12-16 00:21:54 DEBUG DefaultListableBeanFactory:524 - Eagerly caching bean 'appConfig' to allow for resolving potential circular references
2014-12-16 00:21:54 DEBUG DefaultListableBeanFactory:478 - Finished creating instance of bean 'appConfig'
2014-12-16 00:21:54 DEBUG DefaultListableBeanFactory:220 - Creating shared instance of singleton bean 'restTripClient'
2014-12-16 00:21:54 DEBUG DefaultListableBeanFactory:450 - Creating instance of bean 'restTripClient'
2014-12-16 00:21:54 DEBUG DefaultListableBeanFactory:524 - Eagerly caching bean 'restTripClient' to allow for resolving potential circular references
2014-12-16 00:21:54 DEBUG DefaultListableBeanFactory:478 - Finished creating instance of bean 'restTripClient'
2014-12-16 00:21:54 DEBUG DefaultListableBeanFactory:220 - Creating shared instance of singleton bean 'restExcursionClient'
2014-12-16 00:21:54 DEBUG DefaultListableBeanFactory:450 - Creating instance of bean 'restExcursionClient'
2014-12-16 00:21:54 DEBUG InjectionMetadata:71 - Registered injected element on class [cz.muni.pa165.surrealtravel.cli.rest.RestExcursionClient]: AutowiredFieldElement for private org.springframework.web.client.RestTemplate cz.muni.pa165.surrealtravel.cli.rest.RestExcursionClient.template
2014-12-16 00:21:54 DEBUG InjectionMetadata:71 - Registered injected element on class [cz.muni.pa165.surrealtravel.cli.rest.RestExcursionClient]: AutowiredFieldElement for private java.net.URL cz.muni.pa165.surrealtravel.cli.rest.RestExcursionClient.prefix
2014-12-16 00:21:54 DEBUG DefaultListableBeanFactory:524 - Eagerly caching bean 'restExcursionClient' to allow for resolving potential circular references
2014-12-16 00:21:54 DEBUG InjectionMetadata:85 - Processing injected method of bean 'restExcursionClient': AutowiredFieldElement for private org.springframework.web.client.RestTemplate cz.muni.pa165.surrealtravel.cli.rest.RestExcursionClient.template
2014-12-16 00:21:54 DEBUG DefaultListableBeanFactory:220 - Creating shared instance of singleton bean 'template'
2014-12-16 00:21:54 DEBUG DefaultListableBeanFactory:450 - Creating instance of bean 'template'
2014-12-16 00:21:55 DEBUG DefaultListableBeanFactory:524 - Eagerly caching bean 'template' to allow for resolving potential circular references
2014-12-16 00:21:55 DEBUG DefaultListableBeanFactory:220 - Creating shared instance of singleton bean 'converter'
2014-12-16 00:21:55 DEBUG DefaultListableBeanFactory:450 - Creating instance of bean 'converter'
2014-12-16 00:21:55 DEBUG DefaultListableBeanFactory:524 - Eagerly caching bean 'converter' to allow for resolving potential circular references
2014-12-16 00:21:55 DEBUG DefaultListableBeanFactory:478 - Finished creating instance of bean 'converter'
2014-12-16 00:21:55 DEBUG DefaultListableBeanFactory:478 - Finished creating instance of bean 'template'
2014-12-16 00:21:55 DEBUG AutowiredAnnotationBeanPostProcessor:474 - Autowiring by type from bean name 'restExcursionClient' to bean named 'template'
2014-12-16 00:21:55 DEBUG InjectionMetadata:85 - Processing injected method of bean 'restExcursionClient': AutowiredFieldElement for private java.net.URL cz.muni.pa165.surrealtravel.cli.rest.RestExcursionClient.prefix
2014-12-16 00:21:55 DEBUG DefaultListableBeanFactory:220 - Creating shared instance of singleton bean 'urlBase'
2014-12-16 00:21:55 DEBUG DefaultListableBeanFactory:450 - Creating instance of bean 'urlBase'
2014-12-16 00:21:55 DEBUG DefaultListableBeanFactory:524 - Eagerly caching bean 'urlBase' to allow for resolving potential circular references
2014-12-16 00:21:55 DEBUG DefaultListableBeanFactory:478 - Finished creating instance of bean 'urlBase'
2014-12-16 00:21:55 DEBUG AutowiredAnnotationBeanPostProcessor:474 - Autowiring by type from bean name 'restExcursionClient' to bean named 'urlBase'
2014-12-16 00:21:55 DEBUG DefaultListableBeanFactory:478 - Finished creating instance of bean 'restExcursionClient'
2014-12-16 00:21:55 DEBUG DefaultListableBeanFactory:247 - Returning cached instance of singleton bean 'converter'
2014-12-16 00:21:55 DEBUG DefaultListableBeanFactory:247 - Returning cached instance of singleton bean 'template'
2014-12-16 00:21:55 DEBUG DefaultListableBeanFactory:247 - Returning cached instance of singleton bean 'org.springframework.context.annotation.ConfigurationClassPostProcessor.importAwareProcessor'
2014-12-16 00:21:55 DEBUG DefaultListableBeanFactory:247 - Returning cached instance of singleton bean 'org.springframework.context.annotation.ConfigurationClassPostProcessor.enhancedConfigurationProcessor'
2014-12-16 00:21:55 DEBUG DefaultListableBeanFactory:247 - Returning cached instance of singleton bean 'urlBase'
2014-12-16 00:21:55 DEBUG ClassPathXmlApplicationContext:697 - Unable to locate LifecycleProcessor with name 'lifecycleProcessor': using default [org.springframework.context.support.DefaultLifecycleProcessor@71fd8599]
2014-12-16 00:21:55 DEBUG DefaultListableBeanFactory:247 - Returning cached instance of singleton bean 'lifecycleProcessor'
2014-12-16 00:21:55 DEBUG PropertySourcesPropertyResolver:81 - Searching for key 'spring.liveBeansView.mbeanDomain' in [systemProperties]
2014-12-16 00:21:55 DEBUG PropertySourcesPropertyResolver:81 - Searching for key 'spring.liveBeansView.mbeanDomain' in [systemEnvironment]
2014-12-16 00:21:55 DEBUG PropertySourcesPropertyResolver:103 - Could not find key 'spring.liveBeansView.mbeanDomain' in any property source. Returning [null]
2014-12-16 00:21:55 DEBUG Program:151 - Context is loaded, now running handler
2014-12-16 00:21:55 DEBUG DefaultListableBeanFactory:247 - Returning cached instance of singleton bean 'restExcursionClient'
2014-12-16 00:21:55 DEBUG DefaultListableBeanFactory:247 - Returning cached instance of singleton bean 'restTripClient'
2014-12-16 00:21:55 INFO  RestExcursionClient:38 - retrieving from http://localhost:8080/pa165/rest/excursions
2014-12-16 00:21:55 DEBUG RestTemplate:78 - Created GET request for "http://localhost:8080/pa165/rest/excursions"
2014-12-16 00:21:55 DEBUG RestTemplate:696 - Setting request Accept header to [application/json]
2014-12-16 00:21:55 DEBUG RestTemplate:596 - GET request for "http://localhost:8080/pa165/rest/excursions" resulted in 200 (OK)
2014-12-16 00:21:55 DEBUG RestTemplate:92 - Reading [class [Lcz.muni.pa165.surrealtravel.dto.ExcursionDTO;] as "application/json;charset=UTF-8" using [org.springframework.http.converter.json.MappingJackson2HttpMessageConverter@45787e5b]
2014-12-16 00:21:55 INFO  RestExcursionClient:41 - <200 OK,[Lcz.muni.pa165.surrealtravel.dto.ExcursionDTO;@33c86e71,{Server=[Apache-Coyote/1.1], Access-Control-Allow-Origin=[*], Access-Control-Allow-Methods=[GET, POST, DELETE, OPTIONS, PUT], Content-Type=[application/json;charset=UTF-8], Transfer-Encoding=[chunked], Date=[Mon, 15 Dec 2014 23:21:55 GMT]}>
2014-12-16 00:21:55 DEBUG Program:154 - All is well, exitting
